[0.167s] Invoking command in '/ros2_ws/build/cpp_pubsub': CMAKE_PREFIX_PATH=/ros2_ws/install/turtlesim:/ros2_ws/install/cpp_pubsub:/ros2_ws/install/my_package_cpp:/ros2_ws/install/py_pubsub:/ros2_ws/install/my_package:/opt/ros/humble /usr/bin/cmake --build /ros2_ws/build/cpp_pubsub -- -j16 -l16
[0.415s] -- Found ament_cmake: 1.3.9 (/opt/ros/humble/share/ament_cmake/cmake)
[1.419s] -- Found rclcpp: 16.0.9 (/opt/ros/humble/share/rclcpp/cmake)
[1.523s] -- Found rosidl_generator_c: 3.1.5 (/opt/ros/humble/share/rosidl_generator_c/cmake)
[1.528s] -- Found rosidl_adapter: 3.1.5 (/opt/ros/humble/share/rosidl_adapter/cmake)
[1.541s] -- Found rosidl_generator_cpp: 3.1.5 (/opt/ros/humble/share/rosidl_generator_cpp/cmake)
[1.568s] -- Using all available rosidl_typesupport_c: rosidl_typesupport_fastrtps_c;rosidl_typesupport_introspection_c
[1.600s] -- Using all available rosidl_typesupport_cpp: rosidl_typesupport_fastrtps_cpp;rosidl_typesupport_introspection_cpp
[1.704s] -- Found rmw_implementation_cmake: 6.1.2 (/opt/ros/humble/share/rmw_implementation_cmake/cmake)
[1.718s] -- Found rmw_fastrtps_cpp: 6.2.6 (/opt/ros/humble/share/rmw_fastrtps_cpp/cmake)
[2.728s] -- Using RMW implementation 'rmw_fastrtps_cpp' as default
[2.898s] -- Found geometry_msgs: 4.2.4 (/opt/ros/humble/share/geometry_msgs/cmake)
[2.967s] -- Found turtlesim: 1.4.2 (/ros2_ws/install/turtlesim/share/turtlesim/cmake)
[3.454s] -- Found std_srvs: 4.2.4 (/opt/ros/humble/share/std_srvs/cmake)
[3.480s] -- Found ament_lint_auto: 0.12.11 (/opt/ros/humble/share/ament_lint_auto/cmake)
[4.256s] -- Added test 'cppcheck' to perform static code analysis on C / C++ code
[4.257s] -- Configured cppcheck include dirs: 
[4.257s] -- Configured cppcheck exclude dirs and/or files: 
[4.335s] -- Added test 'lint_cmake' to check CMake code style
[4.570s] -- Added test 'uncrustify' to check C / C++ code style
[4.571s] -- Configured uncrustify additional arguments: 
[4.597s] -- Added test 'xmllint' to check XML markup files
[4.634s] -- Configuring done
[5.244s] -- Generating done
[5.321s] -- Build files have been written to: /ros2_ws/build/cpp_pubsub
[5.480s] [35m[1mConsolidate compiler generated dependencies of target talker[0m
[5.538s] [ 12%] [32mBuilding CXX object CMakeFiles/topics_practice.dir/src/topics_practice.cpp.o[0m
[5.550s] [ 25%] [32mBuilding CXX object CMakeFiles/topics_practice_b.dir/src/topics_practice_b.cpp.o[0m
[5.577s] [ 37%] [32mBuilding CXX object CMakeFiles/listener.dir/src/listener.cpp.o[0m
[5.754s] [ 50%] [32m[1mLinking CXX executable topics_practice[0m
[5.871s] [ 75%] Built target talker
[6.040s] /usr/bin/ld: /usr/lib/gcc/x86_64-linux-gnu/11/../../../x86_64-linux-gnu/Scrt1.o: in function `_start':
[6.040s] (.text+0x1b): undefined reference to `main'
[6.054s] collect2: error: ld returned 1 exit status
[6.055s] gmake[2]: *** [CMakeFiles/topics_practice.dir/build.make:199: topics_practice] Error 1
[6.056s] gmake[1]: *** [CMakeFiles/Makefile2:195: CMakeFiles/topics_practice.dir/all] Error 2
[6.057s] gmake[1]: *** Waiting for unfinished jobs....
[14.176s] [ 87%] [32m[1mLinking CXX executable listener[0m
[17.288s] [ 87%] Built target listener
[18.269s] [100%] [32m[1mLinking CXX executable topics_practice_b[0m
[21.538s] [100%] Built target topics_practice_b
[21.539s] gmake: *** [Makefile:146: all] Error 2
[21.541s] Invoked command in '/ros2_ws/build/cpp_pubsub' returned '2': CMAKE_PREFIX_PATH=/ros2_ws/install/turtlesim:/ros2_ws/install/cpp_pubsub:/ros2_ws/install/my_package_cpp:/ros2_ws/install/py_pubsub:/ros2_ws/install/my_package:/opt/ros/humble /usr/bin/cmake --build /ros2_ws/build/cpp_pubsub -- -j16 -l16
