[0.161s] Invoking command in '/ros2_ws/build/cpp_pubsub': CMAKE_PREFIX_PATH=/ros2_ws/install/turtlesim:/ros2_ws/install/cpp_pubsub:/ros2_ws/install/my_package_cpp:/ros2_ws/install/py_pubsub:/ros2_ws/install/my_package:/opt/ros/humble /usr/bin/cmake --build /ros2_ws/build/cpp_pubsub -- -j16 -l16
[0.601s] [35m[1mConsolidate compiler generated dependencies of target topics_practice_b[0m
[0.696s] [ 25%] Built target talker
[0.723s] [ 37%] [32mBuilding CXX object CMakeFiles/topics_practice.dir/src/topics_practice.cpp.o[0m
[0.762s] [ 62%] Built target listener
[1.000s] [ 87%] Built target topics_practice_b
[7.117s] [01m[K/ros2_ws/src/cpp_pubsub/src/topics_practice.cpp:[m[K In member function â€˜[01m[Kvoid MotionController::teleport_turtle(double, double, double)[m[Kâ€™:
[7.119s] [01m[K/ros2_ws/src/cpp_pubsub/src/topics_practice.cpp:55:27:[m[K [01;31m[Kerror: [m[Kâ€˜[01m[Kusing element_type = struct turtlesim::srv::TeleportAbsolute_Response_<std::allocator<void> >[m[Kâ€™ {aka â€˜[01m[Kstruct turtlesim::srv::TeleportAbsolute_Response_<std::allocator<void> >[m[Kâ€™} has no member named â€˜[01m[Ksuccess[m[Kâ€™
[7.119s]    55 |         if (result.get()->[01;31m[Ksuccess[m[K != 1)
[7.120s]       |                           [01;31m[K^~~~~~~[m[K
[9.595s] gmake[2]: *** [CMakeFiles/topics_practice.dir/build.make:76: CMakeFiles/topics_practice.dir/src/topics_practice.cpp.o] Error 1
[9.597s] gmake[1]: *** [CMakeFiles/Makefile2:195: CMakeFiles/topics_practice.dir/all] Error 2
[9.597s] gmake: *** [Makefile:146: all] Error 2
[9.598s] Invoked command in '/ros2_ws/build/cpp_pubsub' returned '2': CMAKE_PREFIX_PATH=/ros2_ws/install/turtlesim:/ros2_ws/install/cpp_pubsub:/ros2_ws/install/my_package_cpp:/ros2_ws/install/py_pubsub:/ros2_ws/install/my_package:/opt/ros/humble /usr/bin/cmake --build /ros2_ws/build/cpp_pubsub -- -j16 -l16
