[0.000000] (-) TimerEvent: {}
[0.000384] (-) JobUnselected: {'identifier': 'cpp_pubsub'}
[0.000662] (-) JobUnselected: {'identifier': 'my_package'}
[0.000892] (-) JobUnselected: {'identifier': 'my_package_cpp'}
[0.001083] (-) JobUnselected: {'identifier': 'py_pubsub'}
[0.001243] (-) JobUnselected: {'identifier': 'py_srvcli'}
[0.001438] (turtlesim) JobQueued: {'identifier': 'turtlesim', 'dependencies': OrderedDict()}
[0.001630] (turtlesim) JobStarted: {'identifier': 'turtlesim'}
[0.098896] (-) TimerEvent: {}
[0.154691] (turtlesim) JobProgress: {'identifier': 'turtlesim', 'progress': 'cmake'}
[0.162865] (turtlesim) Command: {'cmd': ['/usr/bin/cmake', '/ros2_ws/ros_tutorials/turtlesim', '-DCMAKE_INSTALL_PREFIX=/ros2_ws/install/turtlesim'], 'cwd': '/ros2_ws/build/turtlesim', 'env': OrderedDict([('HOSTNAME', '012275bc5359'), ('SHLVL', '1'), ('LD_LIBRARY_PATH', '/ros2_ws/install/turtlesim/lib:/opt/ros/humble/opt/rviz_ogre_vendor/lib:/opt/ros/humble/lib/x86_64-linux-gnu:/opt/ros/humble/lib'), ('HOME', '/root'), ('OLDPWD', '/'), ('ROS_PYTHON_VERSION', '3'), ('COLCON_PREFIX_PATH', '/ros2_ws/install'), ('ROS_DISTRO', 'humble'), ('_', '/usr/bin/colcon'), ('ROS_VERSION', '2'), ('TERM', 'xterm'), ('ROS_LOCALHOST_ONLY', '0'), ('PATH', '/opt/ros/humble/bin:/usr/local/sbin:/usr/local/bin:/usr/sbin:/usr/bin:/sbin:/bin'), ('DISPLAY', 'host.docker.internal:0.0'), ('LANG', 'C.UTF-8'), ('LS_COLORS', 'rs=0:di=01;34:ln=01;36:mh=00:pi=40;33:so=01;35:do=01;35:bd=40;33;01:cd=40;33;01:or=40;31;01:mi=00:su=37;41:sg=30;43:ca=30;41:tw=30;42:ow=34;42:st=37;44:ex=01;32:*.tar=01;31:*.tgz=01;31:*.arc=01;31:*.arj=01;31:*.taz=01;31:*.lha=01;31:*.lz4=01;31:*.lzh=01;31:*.lzma=01;31:*.tlz=01;31:*.txz=01;31:*.tzo=01;31:*.t7z=01;31:*.zip=01;31:*.z=01;31:*.dz=01;31:*.gz=01;31:*.lrz=01;31:*.lz=01;31:*.lzo=01;31:*.xz=01;31:*.zst=01;31:*.tzst=01;31:*.bz2=01;31:*.bz=01;31:*.tbz=01;31:*.tbz2=01;31:*.tz=01;31:*.deb=01;31:*.rpm=01;31:*.jar=01;31:*.war=01;31:*.ear=01;31:*.sar=01;31:*.rar=01;31:*.alz=01;31:*.ace=01;31:*.zoo=01;31:*.cpio=01;31:*.7z=01;31:*.rz=01;31:*.cab=01;31:*.wim=01;31:*.swm=01;31:*.dwm=01;31:*.esd=01;31:*.jpg=01;35:*.jpeg=01;35:*.mjpg=01;35:*.mjpeg=01;35:*.gif=01;35:*.bmp=01;35:*.pbm=01;35:*.pgm=01;35:*.ppm=01;35:*.tga=01;35:*.xbm=01;35:*.xpm=01;35:*.tif=01;35:*.tiff=01;35:*.png=01;35:*.svg=01;35:*.svgz=01;35:*.mng=01;35:*.pcx=01;35:*.mov=01;35:*.mpg=01;35:*.mpeg=01;35:*.m2v=01;35:*.mkv=01;35:*.webm=01;35:*.webp=01;35:*.ogm=01;35:*.mp4=01;35:*.m4v=01;35:*.mp4v=01;35:*.vob=01;35:*.qt=01;35:*.nuv=01;35:*.wmv=01;35:*.asf=01;35:*.rm=01;35:*.rmvb=01;35:*.flc=01;35:*.avi=01;35:*.fli=01;35:*.flv=01;35:*.gl=01;35:*.dl=01;35:*.xcf=01;35:*.xwd=01;35:*.yuv=01;35:*.cgm=01;35:*.emf=01;35:*.ogv=01;35:*.ogx=01;35:*.aac=00;36:*.au=00;36:*.flac=00;36:*.m4a=00;36:*.mid=00;36:*.midi=00;36:*.mka=00;36:*.mp3=00;36:*.mpc=00;36:*.ogg=00;36:*.ra=00;36:*.wav=00;36:*.oga=00;36:*.opus=00;36:*.spx=00;36:*.xspf=00;36:'), ('AMENT_PREFIX_PATH', '/ros2_ws/install/cpp_pubsub:/ros2_ws/install/turtlesim:/ros2_ws/install/py_srvcli:/ros2_ws/install/py_pubsub:/ros2_ws/install/my_package_cpp:/ros2_ws/install/my_package:/opt/ros/humble'), ('PWD', '/ros2_ws/build/turtlesim'), ('LC_ALL', 'C.UTF-8'), ('PYTHONPATH', '/ros2_ws/install/turtlesim/local/lib/python3.10/dist-packages:/ros2_ws/install/py_srvcli/lib/python3.10/site-packages:/ros2_ws/install/py_pubsub/lib/python3.10/site-packages:/ros2_ws/install/my_package/lib/python3.10/site-packages:/opt/ros/humble/lib/python3.10/site-packages:/opt/ros/humble/local/lib/python3.10/dist-packages'), ('COLCON', '1'), ('CMAKE_PREFIX_PATH', '/ros2_ws/install/cpp_pubsub:/ros2_ws/install/turtlesim:/ros2_ws/install/my_package_cpp:/ros2_ws/install/py_srvcli:/ros2_ws/install/py_pubsub:/ros2_ws/install/my_package:/opt/ros/humble')]), 'shell': False}
[0.199046] (-) TimerEvent: {}
[0.299525] (-) TimerEvent: {}
[0.399986] (-) TimerEvent: {}
[0.500610] (-) TimerEvent: {}
[0.601098] (-) TimerEvent: {}
[0.701573] (-) TimerEvent: {}
[0.802020] (-) TimerEvent: {}
[0.837432] (turtlesim) StdoutLine: {'line': b'-- The C compiler identification is GNU 11.4.0\n'}
[0.902150] (-) TimerEvent: {}
[1.002658] (-) TimerEvent: {}
[1.103171] (-) TimerEvent: {}
[1.123825] (turtlesim) StdoutLine: {'line': b'-- The CXX compiler identification is GNU 11.4.0\n'}
[1.184798] (turtlesim) StdoutLine: {'line': b'-- Detecting C compiler ABI info\n'}
[1.203327] (-) TimerEvent: {}
[1.303780] (-) TimerEvent: {}
[1.404237] (-) TimerEvent: {}
[1.504653] (-) TimerEvent: {}
[1.605079] (-) TimerEvent: {}
[1.705505] (-) TimerEvent: {}
[1.805963] (-) TimerEvent: {}
[1.906421] (-) TimerEvent: {}
[1.990958] (turtlesim) StdoutLine: {'line': b'-- Detecting C compiler ABI info - done\n'}
[2.006595] (-) TimerEvent: {}
[2.010732] (turtlesim) StdoutLine: {'line': b'-- Check for working C compiler: /usr/bin/cc - skipped\n'}
[2.011735] (turtlesim) StdoutLine: {'line': b'-- Detecting C compile features\n'}
[2.012519] (turtlesim) StdoutLine: {'line': b'-- Detecting C compile features - done\n'}
[2.055513] (turtlesim) StdoutLine: {'line': b'-- Detecting CXX compiler ABI info\n'}
[2.059579] (turtlesim) CommandEnded: {'returncode': -2}
[2.067177] (turtlesim) StderrLine: {'line': b'Traceback (most recent call last):\n  File "/usr/lib/python3/dist-packages/colcon_parallel_executor/executor/parallel.py", line 75, in execute\n    loop.run_until_complete(future)\n  File "/usr/lib/python3.10/asyncio/base_events.py", line 636, in run_until_complete\n    self.run_forever()\n  File "/usr/lib/python3.10/asyncio/base_events.py", line 603, in run_forever\n    self._run_once()\n  File "/usr/lib/python3.10/asyncio/base_events.py", line 1871, in _run_once\n    event_list = self._selector.select(timeout)\n  File "/usr/lib/python3.10/selectors.py", line 469, in select\n    fd_event_list = self._selector.poll(timeout, max_ev)\nKeyboardInterrupt\n\nDuring handling of the above exception, another exception occurred:\n\nTraceback (most recent call last):\n  File "/usr/lib/python3/dist-packages/colcon_core/executor/__init__.py", line 91, in __call__\n    rc = await self.task(*args, **kwargs)\n  File "/usr/lib/python3/dist-packages/colcon_core/task/__init__.py", line 93, in __call__\n    return await task_method(*args, **kwargs)\n  File "/usr/lib/python3/dist-packages/colcon_ros/task/ament_cmake/build.py", line 59, in build\n    rc = await extension.build(\n  File "/usr/lib/python3/dist-packages/colcon_cmake/task/cmake/build.py", line 87, in build\n    rc = await self._reconfigure(args, env)\n  File "/usr/lib/python3/dist-packages/colcon_cmake/task/cmake/build.py", line 182, in _reconfigure\n    buildfile = get_buildfile(cmake_cache)\n  File "/usr/lib/python3/dist-packages/colcon_cmake/task/cmake/__init__.py", line 114, in get_buildfile\n    if \'Visual Studio\' in generator:\nTypeError: argument of type \'NoneType\' is not iterable\n'}
[2.068912] (turtlesim) JobEnded: {'identifier': 'turtlesim', 'rc': 'SIGINT'}
[2.078860] (-) EventReactorShutdown: {}
